2023-12-05T21:05:32.664+0530	ERROR	core/project.go:564	populating default models: getting all inputs Models: listing models for child source entity/: listing models for child source user/: error listing models: error building model max_timestamp_bw_tracks_pages_1: no matching model found for modelRef rsIdentifies in source inputs/

2023-12-05T21:05:32.665+0530	ERROR	core/project.go:322	populating from models folders for /Users/admin/Desktop/Playground/rudderstack_profiles_classifier/samples/application_project/migrations/application_project_schema_v44: populating default models: getting all inputs Models: listing models for child source entity/: listing models for child source user/: error listing models: error building model max_timestamp_bw_tracks_pages_1: no matching model found for modelRef rsIdentifies in source inputs/

2023-12-05T21:06:42.874+0530	ERROR	core/project.go:564	populating default models: getting all inputs Models: listing models for child source entity/: listing models for child source user/: error listing models: error building model max_timestamp_bw_tracks_pages_1: no matching model found for modelRef rsTracks in source inputs/

2023-12-05T21:06:42.874+0530	ERROR	core/project.go:322	populating from models folders for /Users/admin/Desktop/Playground/rudderstack_profiles_classifier/samples/application_project/migrations/application_project_schema_v44: populating default models: getting all inputs Models: listing models for child source entity/: listing models for child source user/: error listing models: error building model max_timestamp_bw_tracks_pages_1: no matching model found for modelRef rsTracks in source inputs/

2023-12-05T21:07:04.846+0530	ERROR	core/project.go:1340	populating dependencies for project:sample_application_project, model: main_id_stitched_features: getting creator recipe setting Entity_Traits_360 failed, found duplicate feature name percentile_churn_score_90_days for entity traits 360 model

2023-12-06T15:45:07.268+0530	ERROR	core/project.go:561	populating default models: getting all inputs Models: listing models for child source entity/: listing models for child source user/: error listing models: error building model max_timestamp_bw_tracks_pages_1: no matching model found for modelRef rsTracks in source inputs/

2023-12-06T15:45:07.271+0530	ERROR	core/project.go:319	populating from models folders for /Users/admin/Desktop/Profiles/rudderstack_profiles_classifier/samples/application_project/migrations/application_project_schema_v44: populating default models: getting all inputs Models: listing models for child source entity/: listing models for child source user/: error listing models: error building model max_timestamp_bw_tracks_pages_1: no matching model found for modelRef rsTracks in source inputs/

2023-12-06T15:54:19.932+0530	ERROR	core/project.go:326	validating project sample_application_project: validating model churn_90_days_model: python path is not valid: fork/exec /Users/admin/Desktop/Playground/rudderstack_profiles_classifier/pysnowpark/bin/python: no such file or directory

2023-12-06T16:14:49.043+0530	WARN	core/project.go:1538	recommended to use dot var syntax to refer to max_timestamp_bw_tracks_pages in days_since_last_seen

2023-12-06T16:14:49.048+0530	WARN	core/project.go:1538	recommended to use dot var syntax to refer to days_since_last_seen in is_churned_90_days

2023-12-06T16:14:49.063+0530	ERROR	core/project.go:1337	populating dependencies for project:sample_application_project, model: main_id_stitched_features: getting creator recipe setting Entity_Traits_360 failed, found duplicate feature name percentile_churn_score_90_days for entity traits 360 model

2023-12-06T16:17:00.884+0530	WARN	core/project.go:1538	recommended to use dot var syntax to refer to max_timestamp_bw_tracks_pages in days_since_last_seen

2023-12-06T16:17:00.888+0530	WARN	core/project.go:1538	recommended to use dot var syntax to refer to days_since_last_seen in is_churned_90_days

2023-12-06T16:17:00.942+0530	ERROR	base/material.go:345	this.Deref: unable to get material for models/rudder_user_base_features, unable to get model ref for models/rudder_user_base_features, no matching model found for modelRef rudder_user_base_features in source models/

2023-12-06T16:17:00.943+0530	ERROR	template/templates.go:39	executing sql template: [Error (where: execution) in <string> | Line 34 Col 11 near 'this'] this.Deref: unable to get material for models/rudder_user_base_features, unable to get model ref for models/rudder_user_base_features, no matching model found for modelRef rudder_user_base_features in source models/

2023-12-06T16:17:00.943+0530	ERROR	base/context.go:72	compiling model at {SourceRef:{IsRelative:false Path:[models/]} ScopedModelRef:shopify_churn}: generating sql string from recipe template for shopify_churn: preparing pyMaterialRecipe: executing sql template: [Error (where: execution) in <string> | Line 34 Col 11 near 'this'] this.Deref: unable to get material for models/rudder_user_base_features, unable to get model ref for models/rudder_user_base_features, no matching model found for modelRef rudder_user_base_features in source models/

2023-12-06T16:17:00.943+0530	ERROR	base/material.go:362	this.DeRefOptional: unable to get material for models/shopify_churn, getting input material from shopify_churn for: compiling model at {SourceRef:{IsRelative:false Path:[models/]} ScopedModelRef:shopify_churn}: generating sql string from recipe template for shopify_churn: preparing pyMaterialRecipe: executing sql template: [Error (where: execution) in <string> | Line 34 Col 11 near 'this'] this.Deref: unable to get material for models/rudder_user_base_features, unable to get model ref for models/rudder_user_base_features, no matching model found for modelRef rudder_user_base_features in source models/

2023-12-06T16:17:00.943+0530	ERROR	template/templates.go:39	executing sql template: [Error (where: execution) in <string> | Line 284 Col 31 near 'warehouse'] [Error (where: execution) in <string> | Line 284 Col 74 near 'createQuery'] [Error (where: execution) in <string> | Line 251 Col 32 near 'this'] this.DeRefOptional: unable to get material for models/shopify_churn, getting input material from shopify_churn for: compiling model at {SourceRef:{IsRelative:false Path:[models/]} ScopedModelRef:shopify_churn}: generating sql string from recipe template for shopify_churn: preparing pyMaterialRecipe: executing sql template: [Error (where: execution) in <string> | Line 34 Col 11 near 'this'] this.Deref: unable to get material for models/rudder_user_base_features, unable to get model ref for models/rudder_user_base_features, no matching model found for modelRef rudder_user_base_features in source models/

2023-12-06T16:17:00.943+0530	ERROR	core/project.go:1337	populating dependencies for project:sample_application_project, model: main_id_stitched_features: preparing recipe for main_id_stitched_features : preparing sqlQueryRecipe: executing sql template: [Error (where: execution) in <string> | Line 284 Col 31 near 'warehouse'] [Error (where: execution) in <string> | Line 284 Col 74 near 'createQuery'] [Error (where: execution) in <string> | Line 251 Col 32 near 'this'] this.DeRefOptional: unable to get material for models/shopify_churn, getting input material from shopify_churn for: compiling model at {SourceRef:{IsRelative:false Path:[models/]} ScopedModelRef:shopify_churn}: generating sql string from recipe template for shopify_churn: preparing pyMaterialRecipe: executing sql template: [Error (where: execution) in <string> | Line 34 Col 11 near 'this'] this.Deref: unable to get material for models/rudder_user_base_features, unable to get model ref for models/rudder_user_base_features, no matching model found for modelRef rudder_user_base_features in source models/

2023-12-06T16:21:31.315+0530	WARN	core/project.go:1538	recommended to use dot var syntax to refer to max_timestamp_bw_tracks_pages in days_since_last_seen

2023-12-06T16:21:31.321+0530	WARN	core/project.go:1538	recommended to use dot var syntax to refer to days_since_last_seen in is_churned_90_days

2023-12-06T16:21:31.392+0530	INFO	run/run.go:32	Checking required schema access

2023-12-06T16:21:35.015+0530	ERROR	core/project.go:1469	loading project environment dev: checking common tables version: getting common tables version: checking if common tables version table exists: unable to get database name: expected 1 row, got 0

2023-12-06T16:21:35.015+0530	ERROR	core/project.go:1419	loading project environment dev: checking common tables version: getting common tables version: checking if common tables version table exists: unable to get database name: expected 1 row, got 0

2023-12-06T16:21:35.015+0530	ERROR	run/run.go:41	loading project environment dev: checking common tables version: getting common tables version: checking if common tables version table exists: unable to get database name: expected 1 row, got 0

2023-12-06T16:21:36.873+0530	ERROR	core/project.go:1419	setting current schema for env dev: executing template: context canceled

2023-12-06T16:21:36.873+0530	ERROR	core/project.go:2090	getting project env dev: %!w(*fmt.wrapError=&{setting current schema for env dev: executing template: context canceled 0xc0015871e0})

2023-12-06T16:22:27.897+0530	WARN	core/project.go:1538	recommended to use dot var syntax to refer to max_timestamp_bw_tracks_pages in days_since_last_seen

2023-12-06T16:22:27.900+0530	WARN	core/project.go:1538	recommended to use dot var syntax to refer to days_since_last_seen in is_churned_90_days

2023-12-06T16:22:27.978+0530	INFO	run/run.go:32	Checking required schema access

2023-12-06T16:22:33.608+0530	ERROR	base/checkAccess.go:133	insufficient grants on schema: missing privileges

2023-12-06T16:22:33.609+0530	ERROR	run/run.go:54	insufficient grants on schema: 
Error: insufficient grants on schema: missing privileges, please run following queries to grant required privileges: 
GRANT USAGE, SELECT, CREATE TABLE, CREATE VIEW ON SCHEMA RS360 TO ROLE RS360_TEST_ROLE;


2023-12-06T16:22:53.253+0530	WARN	core/project.go:1538	recommended to use dot var syntax to refer to max_timestamp_bw_tracks_pages in days_since_last_seen

2023-12-06T16:22:53.256+0530	WARN	core/project.go:1538	recommended to use dot var syntax to refer to days_since_last_seen in is_churned_90_days

2023-12-06T16:22:53.345+0530	INFO	run/run.go:32	Checking required schema access

2023-12-06T16:23:23.404+0530	INFO	base/interfaces.go:274	Compiled model. Material_rudder_user_id_stitcher_9f838bb3_2336 to output/dev/seq_no/2336. 


2023-12-06T16:23:24.360+0530	INFO	base/material.go:532	Preparing material Material_rudder_user_id_stitcher_9f838bb3_2336

2023-12-06T16:23:26.934+0530	INFO	base/material.go:604	Running material Material_rudder_user_id_stitcher_9f838bb3_2336

2023-12-06T16:23:46.471+0530	INFO	base/material.go:622	Material Material_rudder_user_id_stitcher_9f838bb3_2336 ran in 19.538400573s

2023-12-06T16:23:53.223+0530	INFO	base/interfaces.go:274	Compiled model. Material_rsTracks_var_table_1955c7e1_2336 to output/dev/seq_no/2336. 


2023-12-06T16:23:54.205+0530	INFO	base/material.go:532	Preparing material Material_rsTracks_var_table_1955c7e1_2336

2023-12-06T16:23:56.592+0530	INFO	base/material.go:604	Running material Material_rsTracks_var_table_1955c7e1_2336

2023-12-06T16:23:58.455+0530	INFO	base/material.go:622	Material Material_rsTracks_var_table_1955c7e1_2336 ran in 1.863094159s

2023-12-06T16:24:04.236+0530	INFO	base/interfaces.go:274	Compiled model. Material_user_var_table_79cc6be9_2336 to output/dev/seq_no/2336. 


2023-12-06T16:24:05.251+0530	INFO	base/material.go:532	Preparing material Material_user_var_table_79cc6be9_2336

2023-12-06T16:24:07.720+0530	INFO	base/material.go:604	Running material Material_user_var_table_79cc6be9_2336

2023-12-06T16:24:09.234+0530	INFO	base/material.go:622	Material Material_user_var_table_79cc6be9_2336 ran in 1.513922842s

2023-12-06T16:24:15.206+0530	INFO	base/interfaces.go:274	Compiled model. Material_max_timestamp_bw_tracks_pages_16ab88ad_2336 to output/dev/seq_no/2336. 


2023-12-06T16:24:16.331+0530	INFO	base/material.go:532	Preparing material Material_max_timestamp_bw_tracks_pages_16ab88ad_2336

2023-12-06T16:24:17.651+0530	INFO	base/material.go:604	Running material Material_max_timestamp_bw_tracks_pages_16ab88ad_2336

2023-12-06T16:24:21.231+0530	INFO	base/material.go:622	Material Material_max_timestamp_bw_tracks_pages_16ab88ad_2336 ran in 3.580356568s

2023-12-06T16:24:23.894+0530	INFO	base/interfaces.go:274	Compiled model. Material_days_since_last_seen_0ef5ca13_2336 to output/dev/seq_no/2336. 


2023-12-06T16:24:25.109+0530	INFO	base/material.go:532	Preparing material Material_days_since_last_seen_0ef5ca13_2336

2023-12-06T16:24:26.436+0530	INFO	base/material.go:604	Running material Material_days_since_last_seen_0ef5ca13_2336

2023-12-06T16:24:29.808+0530	INFO	base/material.go:622	Material Material_days_since_last_seen_0ef5ca13_2336 ran in 3.372430377s

2023-12-06T16:24:32.210+0530	INFO	base/interfaces.go:274	Compiled model. Material_days_since_account_creation_16ab88ad_2336 to output/dev/seq_no/2336. 


2023-12-06T16:24:33.494+0530	INFO	base/material.go:532	Preparing material Material_days_since_account_creation_16ab88ad_2336

2023-12-06T16:24:34.763+0530	INFO	base/material.go:604	Running material Material_days_since_account_creation_16ab88ad_2336

2023-12-06T16:24:38.059+0530	INFO	base/material.go:622	Material Material_days_since_account_creation_16ab88ad_2336 ran in 3.296342399s

2023-12-06T16:24:40.571+0530	INFO	base/interfaces.go:274	Compiled model. Material_is_churned_90_days_876b40ce_2336 to output/dev/seq_no/2336. 


2023-12-06T16:24:41.657+0530	INFO	base/material.go:532	Preparing material Material_is_churned_90_days_876b40ce_2336

2023-12-06T16:24:43.018+0530	INFO	base/material.go:604	Running material Material_is_churned_90_days_876b40ce_2336

2023-12-06T16:24:46.157+0530	INFO	base/material.go:622	Material Material_is_churned_90_days_876b40ce_2336 ran in 3.13846317s

2023-12-06T16:24:48.808+0530	INFO	base/interfaces.go:274	Compiled model. Material_user_var_table_a4f5aa3d_2336 to output/dev/seq_no/2336. 


2023-12-06T16:24:49.886+0530	INFO	base/material.go:532	Preparing material Material_user_var_table_a4f5aa3d_2336

2023-12-06T16:24:52.222+0530	INFO	base/material.go:604	Running material Material_user_var_table_a4f5aa3d_2336

2023-12-06T16:24:53.300+0530	INFO	base/material.go:622	Material Material_user_var_table_a4f5aa3d_2336 ran in 1.07793952s

2023-12-06T16:24:59.003+0530	INFO	base/interfaces.go:274	Compiled model. Material_rudder_user_base_features_a9623d6c_2336 to output/dev/seq_no/2336. 


2023-12-06T16:25:00.125+0530	INFO	base/material.go:532	Preparing material Material_rudder_user_base_features_a9623d6c_2336

2023-12-06T16:25:02.902+0530	INFO	base/material.go:604	Running material Material_rudder_user_base_features_a9623d6c_2336

2023-12-06T16:25:04.221+0530	INFO	base/material.go:622	Material Material_rudder_user_base_features_a9623d6c_2336 ran in 1.319249922s

2023-12-06T16:25:11.165+0530	INFO	base/interfaces.go:274	Compiled model. Material_max_timestamp_bw_tracks_pages_1_5106d588_2336 to output/dev/seq_no/2336. 


2023-12-06T16:25:12.206+0530	INFO	base/material.go:532	Preparing material Material_max_timestamp_bw_tracks_pages_1_5106d588_2336

2023-12-06T16:25:13.621+0530	INFO	base/material.go:604	Running material Material_max_timestamp_bw_tracks_pages_1_5106d588_2336

2023-12-06T16:25:17.429+0530	INFO	base/material.go:622	Material Material_max_timestamp_bw_tracks_pages_1_5106d588_2336 ran in 3.808143763s

2023-12-06T16:25:20.206+0530	INFO	base/interfaces.go:274	Compiled model. Material_shopify_churn_54bfddf0_2336 to output/dev/seq_no/2336. 


2023-12-06T16:25:21.357+0530	INFO	base/material.go:532	Preparing material Material_shopify_churn_54bfddf0_2336

2023-12-06T16:25:23.890+0530	INFO	base/material.go:604	Running material Material_shopify_churn_54bfddf0_2336

2023-12-06T16:55:12.954+0530	WARN	core/project.go:1538	recommended to use dot var syntax to refer to max_timestamp_bw_tracks_pages in days_since_last_seen

2023-12-06T16:55:12.958+0530	WARN	core/project.go:1538	recommended to use dot var syntax to refer to days_since_last_seen in is_churned_90_days

2023-12-06T16:55:13.060+0530	INFO	run/run.go:32	Checking required schema access

2023-12-06T16:55:44.282+0530	INFO	base/interfaces.go:274	Compiled model. Material_rudder_user_id_stitcher_9f838bb3_2337 to output/dev/seq_no/2337. 


2023-12-06T16:55:45.206+0530	INFO	base/material.go:532	Preparing material Material_rudder_user_id_stitcher_9f838bb3_2337

2023-12-06T16:55:47.580+0530	INFO	base/material.go:604	Running material Material_rudder_user_id_stitcher_9f838bb3_2337

2023-12-06T16:56:08.388+0530	INFO	base/material.go:622	Material Material_rudder_user_id_stitcher_9f838bb3_2337 ran in 20.808266636s

2023-12-06T16:56:15.333+0530	INFO	base/interfaces.go:274	Compiled model. Material_rsTracks_var_table_1955c7e1_2337 to output/dev/seq_no/2337. 


2023-12-06T16:56:16.336+0530	INFO	base/material.go:532	Preparing material Material_rsTracks_var_table_1955c7e1_2337

2023-12-06T16:56:18.590+0530	INFO	base/material.go:604	Running material Material_rsTracks_var_table_1955c7e1_2337

2023-12-06T16:56:21.014+0530	INFO	base/material.go:622	Material Material_rsTracks_var_table_1955c7e1_2337 ran in 2.424506629s

2023-12-06T16:56:26.687+0530	INFO	base/interfaces.go:274	Compiled model. Material_user_var_table_79cc6be9_2337 to output/dev/seq_no/2337. 


2023-12-06T16:56:27.663+0530	INFO	base/material.go:532	Preparing material Material_user_var_table_79cc6be9_2337

2023-12-06T16:56:29.967+0530	INFO	base/material.go:604	Running material Material_user_var_table_79cc6be9_2337

2023-12-06T16:56:31.234+0530	INFO	base/material.go:622	Material Material_user_var_table_79cc6be9_2337 ran in 1.266729439s

2023-12-06T16:56:36.965+0530	INFO	base/interfaces.go:274	Compiled model. Material_max_timestamp_bw_tracks_pages_16ab88ad_2337 to output/dev/seq_no/2337. 


2023-12-06T16:56:38.030+0530	INFO	base/material.go:532	Preparing material Material_max_timestamp_bw_tracks_pages_16ab88ad_2337

2023-12-06T16:56:39.389+0530	INFO	base/material.go:604	Running material Material_max_timestamp_bw_tracks_pages_16ab88ad_2337

2023-12-06T16:56:43.029+0530	INFO	base/material.go:622	Material Material_max_timestamp_bw_tracks_pages_16ab88ad_2337 ran in 3.640775909s

2023-12-06T16:56:45.670+0530	INFO	base/interfaces.go:274	Compiled model. Material_days_since_last_seen_0ef5ca13_2337 to output/dev/seq_no/2337. 


2023-12-06T16:56:46.688+0530	INFO	base/material.go:532	Preparing material Material_days_since_last_seen_0ef5ca13_2337

2023-12-06T16:56:47.950+0530	INFO	base/material.go:604	Running material Material_days_since_last_seen_0ef5ca13_2337

2023-12-06T16:56:51.005+0530	INFO	base/material.go:622	Material Material_days_since_last_seen_0ef5ca13_2337 ran in 3.054836757s

2023-12-06T16:56:53.363+0530	INFO	base/interfaces.go:274	Compiled model. Material_days_since_account_creation_16ab88ad_2337 to output/dev/seq_no/2337. 


2023-12-06T16:56:54.370+0530	INFO	base/material.go:532	Preparing material Material_days_since_account_creation_16ab88ad_2337

2023-12-06T16:56:55.631+0530	INFO	base/material.go:604	Running material Material_days_since_account_creation_16ab88ad_2337

2023-12-06T16:56:58.883+0530	INFO	base/material.go:622	Material Material_days_since_account_creation_16ab88ad_2337 ran in 3.25202177s

2023-12-06T16:57:01.443+0530	INFO	base/interfaces.go:274	Compiled model. Material_is_churned_90_days_876b40ce_2337 to output/dev/seq_no/2337. 


2023-12-06T16:57:02.731+0530	INFO	base/material.go:532	Preparing material Material_is_churned_90_days_876b40ce_2337

2023-12-06T16:57:04.024+0530	INFO	base/material.go:604	Running material Material_is_churned_90_days_876b40ce_2337

2023-12-06T16:57:06.926+0530	INFO	base/material.go:622	Material Material_is_churned_90_days_876b40ce_2337 ran in 2.901940725s

2023-12-06T16:57:09.622+0530	INFO	base/interfaces.go:274	Compiled model. Material_user_var_table_a4f5aa3d_2337 to output/dev/seq_no/2337. 


2023-12-06T16:57:10.625+0530	INFO	base/material.go:532	Preparing material Material_user_var_table_a4f5aa3d_2337

2023-12-06T16:57:12.858+0530	INFO	base/material.go:604	Running material Material_user_var_table_a4f5aa3d_2337

2023-12-06T16:57:13.922+0530	INFO	base/material.go:622	Material Material_user_var_table_a4f5aa3d_2337 ran in 1.063433666s

2023-12-06T16:57:19.403+0530	INFO	base/interfaces.go:274	Compiled model. Material_rudder_user_base_features_a9623d6c_2337 to output/dev/seq_no/2337. 


2023-12-06T16:57:20.519+0530	INFO	base/material.go:532	Preparing material Material_rudder_user_base_features_a9623d6c_2337

2023-12-06T16:57:22.941+0530	INFO	base/material.go:604	Running material Material_rudder_user_base_features_a9623d6c_2337

2023-12-06T16:57:24.244+0530	INFO	base/material.go:622	Material Material_rudder_user_base_features_a9623d6c_2337 ran in 1.302922528s

2023-12-06T16:57:31.838+0530	INFO	base/interfaces.go:274	Compiled model. Material_max_timestamp_bw_tracks_pages_1_5106d588_2337 to output/dev/seq_no/2337. 


2023-12-06T16:57:33.063+0530	INFO	base/material.go:532	Preparing material Material_max_timestamp_bw_tracks_pages_1_5106d588_2337

2023-12-06T16:57:34.315+0530	INFO	base/material.go:604	Running material Material_max_timestamp_bw_tracks_pages_1_5106d588_2337

2023-12-06T16:57:38.304+0530	INFO	base/material.go:622	Material Material_max_timestamp_bw_tracks_pages_1_5106d588_2337 ran in 3.988986568s

2023-12-06T16:57:40.996+0530	INFO	base/interfaces.go:274	Compiled model. Material_shopify_churn_54bfddf0_2337 to output/dev/seq_no/2337. 


2023-12-06T16:57:42.089+0530	INFO	base/material.go:532	Preparing material Material_shopify_churn_54bfddf0_2337

2023-12-06T16:57:45.356+0530	INFO	base/material.go:604	Running material Material_shopify_churn_54bfddf0_2337

2023-12-06T18:33:50.953+0530	WARN	core/project.go:1538	recommended to use dot var syntax to refer to max_timestamp_bw_tracks_pages in days_since_last_seen

2023-12-06T18:33:50.956+0530	WARN	core/project.go:1538	recommended to use dot var syntax to refer to days_since_last_seen in is_churned_90_days

2023-12-06T18:33:51.022+0530	INFO	run/run.go:32	Checking required schema access

2023-12-06T18:34:21.211+0530	INFO	base/interfaces.go:274	Compiled model. Material_rudder_user_id_stitcher_9f838bb3_2341 to output/dev/seq_no/2341. 


2023-12-06T18:34:22.209+0530	INFO	base/material.go:532	Preparing material Material_rudder_user_id_stitcher_9f838bb3_2341

2023-12-06T18:34:24.277+0530	INFO	base/material.go:604	Running material Material_rudder_user_id_stitcher_9f838bb3_2341

2023-12-06T18:34:42.936+0530	INFO	base/material.go:622	Material Material_rudder_user_id_stitcher_9f838bb3_2341 ran in 18.657829825s

2023-12-06T18:34:50.086+0530	INFO	base/interfaces.go:274	Compiled model. Material_rsTracks_var_table_1955c7e1_2341 to output/dev/seq_no/2341. 


2023-12-06T18:34:51.114+0530	INFO	base/material.go:532	Preparing material Material_rsTracks_var_table_1955c7e1_2341

2023-12-06T18:34:53.428+0530	INFO	base/material.go:604	Running material Material_rsTracks_var_table_1955c7e1_2341

2023-12-06T18:34:55.140+0530	INFO	base/material.go:622	Material Material_rsTracks_var_table_1955c7e1_2341 ran in 1.711510294s

2023-12-06T18:35:00.634+0530	INFO	base/interfaces.go:274	Compiled model. Material_user_var_table_79cc6be9_2341 to output/dev/seq_no/2341. 


2023-12-06T18:35:01.642+0530	INFO	base/material.go:532	Preparing material Material_user_var_table_79cc6be9_2341

2023-12-06T18:35:04.240+0530	INFO	base/material.go:604	Running material Material_user_var_table_79cc6be9_2341

2023-12-06T18:35:05.501+0530	INFO	base/material.go:622	Material Material_user_var_table_79cc6be9_2341 ran in 1.261254719s

2023-12-06T18:35:11.495+0530	INFO	base/interfaces.go:274	Compiled model. Material_max_timestamp_bw_tracks_pages_16ab88ad_2341 to output/dev/seq_no/2341. 


2023-12-06T18:35:12.440+0530	INFO	base/material.go:532	Preparing material Material_max_timestamp_bw_tracks_pages_16ab88ad_2341

2023-12-06T18:35:13.650+0530	INFO	base/material.go:604	Running material Material_max_timestamp_bw_tracks_pages_16ab88ad_2341

2023-12-06T18:35:17.394+0530	INFO	base/material.go:622	Material Material_max_timestamp_bw_tracks_pages_16ab88ad_2341 ran in 3.743184876s

2023-12-06T18:35:19.938+0530	INFO	base/interfaces.go:274	Compiled model. Material_days_since_last_seen_0ef5ca13_2341 to output/dev/seq_no/2341. 


2023-12-06T18:35:20.973+0530	INFO	base/material.go:532	Preparing material Material_days_since_last_seen_0ef5ca13_2341

2023-12-06T18:35:22.251+0530	INFO	base/material.go:604	Running material Material_days_since_last_seen_0ef5ca13_2341

2023-12-06T18:35:25.557+0530	INFO	base/material.go:622	Material Material_days_since_last_seen_0ef5ca13_2341 ran in 3.305809835s

2023-12-06T18:35:28.211+0530	INFO	base/interfaces.go:274	Compiled model. Material_days_since_account_creation_16ab88ad_2341 to output/dev/seq_no/2341. 


2023-12-06T18:35:29.164+0530	INFO	base/material.go:532	Preparing material Material_days_since_account_creation_16ab88ad_2341

2023-12-06T18:35:30.493+0530	INFO	base/material.go:604	Running material Material_days_since_account_creation_16ab88ad_2341

2023-12-06T18:35:33.606+0530	INFO	base/material.go:622	Material Material_days_since_account_creation_16ab88ad_2341 ran in 3.112930026s

2023-12-06T18:35:36.321+0530	INFO	base/interfaces.go:274	Compiled model. Material_is_churned_90_days_876b40ce_2341 to output/dev/seq_no/2341. 


2023-12-06T18:35:37.363+0530	INFO	base/material.go:532	Preparing material Material_is_churned_90_days_876b40ce_2341

2023-12-06T18:35:38.627+0530	INFO	base/material.go:604	Running material Material_is_churned_90_days_876b40ce_2341

2023-12-06T18:35:42.910+0530	INFO	base/material.go:622	Material Material_is_churned_90_days_876b40ce_2341 ran in 4.283620214s

2023-12-06T18:35:45.466+0530	INFO	base/interfaces.go:274	Compiled model. Material_user_var_table_a4f5aa3d_2341 to output/dev/seq_no/2341. 


2023-12-06T18:35:46.452+0530	INFO	base/material.go:532	Preparing material Material_user_var_table_a4f5aa3d_2341

2023-12-06T18:35:48.829+0530	INFO	base/material.go:604	Running material Material_user_var_table_a4f5aa3d_2341

2023-12-06T18:35:50.973+0530	INFO	base/material.go:622	Material Material_user_var_table_a4f5aa3d_2341 ran in 2.144239063s

2023-12-06T18:35:57.546+0530	INFO	base/interfaces.go:274	Compiled model. Material_rudder_user_base_features_a9623d6c_2341 to output/dev/seq_no/2341. 


2023-12-06T18:35:58.613+0530	INFO	base/material.go:532	Preparing material Material_rudder_user_base_features_a9623d6c_2341

2023-12-06T18:36:00.969+0530	INFO	base/material.go:604	Running material Material_rudder_user_base_features_a9623d6c_2341

2023-12-06T18:36:02.167+0530	INFO	base/material.go:622	Material Material_rudder_user_base_features_a9623d6c_2341 ran in 1.198110777s

2023-12-06T18:36:08.780+0530	INFO	base/interfaces.go:274	Compiled model. Material_max_timestamp_bw_tracks_pages_1_5106d588_2341 to output/dev/seq_no/2341. 


2023-12-06T18:36:09.809+0530	INFO	base/material.go:532	Preparing material Material_max_timestamp_bw_tracks_pages_1_5106d588_2341

2023-12-06T18:36:11.100+0530	INFO	base/material.go:604	Running material Material_max_timestamp_bw_tracks_pages_1_5106d588_2341

2023-12-06T18:36:14.648+0530	INFO	base/material.go:622	Material Material_max_timestamp_bw_tracks_pages_1_5106d588_2341 ran in 3.548173135s

2023-12-06T18:36:17.305+0530	INFO	base/interfaces.go:274	Compiled model. Material_shopify_churn_54bfddf0_2341 to output/dev/seq_no/2341. 


2023-12-06T18:36:18.281+0530	INFO	base/material.go:532	Preparing material Material_shopify_churn_54bfddf0_2341

2023-12-06T18:36:20.541+0530	INFO	base/material.go:604	Running material Material_shopify_churn_54bfddf0_2341

2023-12-08T00:09:37.202+0530	WARN	core/project.go:1538	recommended to use dot var syntax to refer to max_timestamp_bw_tracks_pages in days_since_last_seen

2023-12-08T00:09:37.205+0530	WARN	core/project.go:1538	recommended to use dot var syntax to refer to days_since_last_seen in is_churned_90_days

2023-12-08T00:09:37.306+0530	INFO	run/run.go:32	Checking required schema access

2023-12-08T00:10:04.908+0530	INFO	base/interfaces.go:274	Compiled model. Material_rudder_user_id_stitcher_9f838bb3_2371 to output/dev/seq_no/2371. 


2023-12-08T00:10:05.813+0530	INFO	base/material.go:532	Preparing material Material_rudder_user_id_stitcher_9f838bb3_2371

2023-12-08T00:10:08.213+0530	INFO	base/material.go:604	Running material Material_rudder_user_id_stitcher_9f838bb3_2371

2023-12-08T00:10:30.093+0530	INFO	base/material.go:622	Material Material_rudder_user_id_stitcher_9f838bb3_2371 ran in 21.879780198s

2023-12-08T00:10:37.258+0530	INFO	base/interfaces.go:274	Compiled model. Material_rsTracks_var_table_1955c7e1_2371 to output/dev/seq_no/2371. 


2023-12-08T00:10:38.319+0530	INFO	base/material.go:532	Preparing material Material_rsTracks_var_table_1955c7e1_2371

2023-12-08T00:10:40.643+0530	INFO	base/material.go:604	Running material Material_rsTracks_var_table_1955c7e1_2371

2023-12-08T00:10:42.484+0530	INFO	base/material.go:622	Material Material_rsTracks_var_table_1955c7e1_2371 ran in 1.84130514s

2023-12-08T00:10:48.246+0530	INFO	base/interfaces.go:274	Compiled model. Material_user_var_table_79cc6be9_2371 to output/dev/seq_no/2371. 


2023-12-08T00:10:49.434+0530	INFO	base/material.go:532	Preparing material Material_user_var_table_79cc6be9_2371

2023-12-08T00:10:51.622+0530	INFO	base/material.go:604	Running material Material_user_var_table_79cc6be9_2371

2023-12-08T00:10:52.791+0530	INFO	base/material.go:622	Material Material_user_var_table_79cc6be9_2371 ran in 1.168407657s

2023-12-08T00:10:58.167+0530	INFO	base/interfaces.go:274	Compiled model. Material_max_timestamp_bw_tracks_pages_16ab88ad_2371 to output/dev/seq_no/2371. 


2023-12-08T00:10:59.216+0530	INFO	base/material.go:532	Preparing material Material_max_timestamp_bw_tracks_pages_16ab88ad_2371

2023-12-08T00:11:00.561+0530	INFO	base/material.go:604	Running material Material_max_timestamp_bw_tracks_pages_16ab88ad_2371

2023-12-08T00:11:03.977+0530	INFO	base/material.go:622	Material Material_max_timestamp_bw_tracks_pages_16ab88ad_2371 ran in 3.415494934s

2023-12-08T00:11:06.646+0530	INFO	base/interfaces.go:274	Compiled model. Material_days_since_last_seen_0ef5ca13_2371 to output/dev/seq_no/2371. 


2023-12-08T00:11:07.657+0530	INFO	base/material.go:532	Preparing material Material_days_since_last_seen_0ef5ca13_2371

2023-12-08T00:11:08.969+0530	INFO	base/material.go:604	Running material Material_days_since_last_seen_0ef5ca13_2371

2023-12-08T00:11:12.048+0530	INFO	base/material.go:622	Material Material_days_since_last_seen_0ef5ca13_2371 ran in 3.078681921s

2023-12-08T00:11:14.673+0530	INFO	base/interfaces.go:274	Compiled model. Material_days_since_account_creation_16ab88ad_2371 to output/dev/seq_no/2371. 


2023-12-08T00:11:15.870+0530	INFO	base/material.go:532	Preparing material Material_days_since_account_creation_16ab88ad_2371

2023-12-08T00:11:17.316+0530	INFO	base/material.go:604	Running material Material_days_since_account_creation_16ab88ad_2371

2023-12-08T00:11:21.412+0530	INFO	base/material.go:622	Material Material_days_since_account_creation_16ab88ad_2371 ran in 4.09554676s

2023-12-08T00:11:24.200+0530	INFO	base/interfaces.go:274	Compiled model. Material_is_churned_90_days_876b40ce_2371 to output/dev/seq_no/2371. 


2023-12-08T00:11:25.273+0530	INFO	base/material.go:532	Preparing material Material_is_churned_90_days_876b40ce_2371

2023-12-08T00:11:26.581+0530	INFO	base/material.go:604	Running material Material_is_churned_90_days_876b40ce_2371

2023-12-08T00:11:29.517+0530	INFO	base/material.go:622	Material Material_is_churned_90_days_876b40ce_2371 ran in 2.9351354s

2023-12-08T00:11:32.132+0530	INFO	base/interfaces.go:274	Compiled model. Material_user_var_table_a4f5aa3d_2371 to output/dev/seq_no/2371. 


2023-12-08T00:11:33.158+0530	INFO	base/material.go:532	Preparing material Material_user_var_table_a4f5aa3d_2371

2023-12-08T00:11:35.414+0530	INFO	base/material.go:604	Running material Material_user_var_table_a4f5aa3d_2371

2023-12-08T00:11:36.580+0530	INFO	base/material.go:622	Material Material_user_var_table_a4f5aa3d_2371 ran in 1.165792371s

2023-12-08T00:11:42.310+0530	INFO	base/interfaces.go:274	Compiled model. Material_rudder_user_base_features_a9623d6c_2371 to output/dev/seq_no/2371. 


2023-12-08T00:11:43.338+0530	INFO	base/material.go:532	Preparing material Material_rudder_user_base_features_a9623d6c_2371

2023-12-08T00:11:45.505+0530	INFO	base/material.go:604	Running material Material_rudder_user_base_features_a9623d6c_2371

2023-12-08T00:11:46.894+0530	INFO	base/material.go:622	Material Material_rudder_user_base_features_a9623d6c_2371 ran in 1.38900354s

2023-12-08T00:11:54.022+0530	INFO	base/interfaces.go:274	Compiled model. Material_max_timestamp_bw_tracks_pages_1_5106d588_2371 to output/dev/seq_no/2371. 


2023-12-08T00:11:55.010+0530	INFO	base/material.go:532	Preparing material Material_max_timestamp_bw_tracks_pages_1_5106d588_2371

2023-12-08T00:11:56.188+0530	INFO	base/material.go:604	Running material Material_max_timestamp_bw_tracks_pages_1_5106d588_2371

2023-12-08T00:11:59.797+0530	INFO	base/material.go:622	Material Material_max_timestamp_bw_tracks_pages_1_5106d588_2371 ran in 3.608839698s

2023-12-08T00:12:02.213+0530	INFO	base/interfaces.go:274	Compiled model. Material_shopify_churn_54bfddf0_2371 to output/dev/seq_no/2371. 


2023-12-08T00:12:03.238+0530	INFO	base/material.go:532	Preparing material Material_shopify_churn_54bfddf0_2371

2023-12-08T00:12:05.738+0530	INFO	base/material.go:604	Running material Material_shopify_churn_54bfddf0_2371

2023-12-08T00:18:12.366+0530	WARN	core/project.go:1538	recommended to use dot var syntax to refer to max_timestamp_bw_tracks_pages in days_since_last_seen

2023-12-08T00:18:12.371+0530	WARN	core/project.go:1538	recommended to use dot var syntax to refer to days_since_last_seen in is_churned_90_days

2023-12-08T00:18:12.461+0530	INFO	run/run.go:32	Checking required schema access

2023-12-08T00:20:09.975+0530	WARN	core/project.go:1538	recommended to use dot var syntax to refer to max_timestamp_bw_tracks_pages in days_since_last_seen

2023-12-08T00:20:09.979+0530	WARN	core/project.go:1538	recommended to use dot var syntax to refer to days_since_last_seen in is_churned_90_days

2023-12-08T00:20:10.069+0530	INFO	run/run.go:32	Checking required schema access

2023-12-08T00:20:38.386+0530	INFO	base/interfaces.go:274	Compiled model. Material_rudder_user_id_stitcher_9f838bb3_2376 to output/dev/seq_no/2376. 


2023-12-08T00:20:39.378+0530	INFO	base/material.go:532	Preparing material Material_rudder_user_id_stitcher_9f838bb3_2376

2023-12-08T00:20:41.577+0530	INFO	base/material.go:604	Running material Material_rudder_user_id_stitcher_9f838bb3_2376

2023-12-08T00:21:00.456+0530	INFO	base/material.go:622	Material Material_rudder_user_id_stitcher_9f838bb3_2376 ran in 18.878229909s

2023-12-08T00:21:07.458+0530	INFO	base/interfaces.go:274	Compiled model. Material_rsTracks_var_table_1955c7e1_2376 to output/dev/seq_no/2376. 


2023-12-08T00:21:08.419+0530	INFO	base/material.go:532	Preparing material Material_rsTracks_var_table_1955c7e1_2376

2023-12-08T00:21:10.705+0530	INFO	base/material.go:604	Running material Material_rsTracks_var_table_1955c7e1_2376

2023-12-08T00:21:12.523+0530	INFO	base/material.go:622	Material Material_rsTracks_var_table_1955c7e1_2376 ran in 1.817576381s

2023-12-08T00:21:18.183+0530	INFO	base/interfaces.go:274	Compiled model. Material_user_var_table_79cc6be9_2376 to output/dev/seq_no/2376. 


2023-12-08T00:21:19.199+0530	INFO	base/material.go:532	Preparing material Material_user_var_table_79cc6be9_2376

2023-12-08T00:21:21.477+0530	INFO	base/material.go:604	Running material Material_user_var_table_79cc6be9_2376

2023-12-08T00:21:22.579+0530	INFO	base/material.go:622	Material Material_user_var_table_79cc6be9_2376 ran in 1.101971046s

2023-12-08T00:21:28.052+0530	INFO	base/interfaces.go:274	Compiled model. Material_max_timestamp_bw_tracks_pages_16ab88ad_2376 to output/dev/seq_no/2376. 


2023-12-08T00:21:29.122+0530	INFO	base/material.go:532	Preparing material Material_max_timestamp_bw_tracks_pages_16ab88ad_2376

2023-12-08T00:21:30.396+0530	INFO	base/material.go:604	Running material Material_max_timestamp_bw_tracks_pages_16ab88ad_2376

2023-12-08T00:21:34.157+0530	INFO	base/material.go:622	Material Material_max_timestamp_bw_tracks_pages_16ab88ad_2376 ran in 3.760504077s

2023-12-08T00:21:36.861+0530	INFO	base/interfaces.go:274	Compiled model. Material_days_since_last_seen_0ef5ca13_2376 to output/dev/seq_no/2376. 


2023-12-08T00:21:37.905+0530	INFO	base/material.go:532	Preparing material Material_days_since_last_seen_0ef5ca13_2376

2023-12-08T00:21:39.282+0530	INFO	base/material.go:604	Running material Material_days_since_last_seen_0ef5ca13_2376

2023-12-08T00:21:42.477+0530	INFO	base/material.go:622	Material Material_days_since_last_seen_0ef5ca13_2376 ran in 3.194739511s

2023-12-08T00:21:44.997+0530	INFO	base/interfaces.go:274	Compiled model. Material_days_since_account_creation_16ab88ad_2376 to output/dev/seq_no/2376. 


2023-12-08T00:21:45.972+0530	INFO	base/material.go:532	Preparing material Material_days_since_account_creation_16ab88ad_2376

2023-12-08T00:21:47.312+0530	INFO	base/material.go:604	Running material Material_days_since_account_creation_16ab88ad_2376

2023-12-08T00:21:50.731+0530	INFO	base/material.go:622	Material Material_days_since_account_creation_16ab88ad_2376 ran in 3.418989567s

2023-12-08T00:21:53.230+0530	INFO	base/interfaces.go:274	Compiled model. Material_is_churned_90_days_876b40ce_2376 to output/dev/seq_no/2376. 


2023-12-08T00:21:54.220+0530	INFO	base/material.go:532	Preparing material Material_is_churned_90_days_876b40ce_2376

2023-12-08T00:21:55.594+0530	INFO	base/material.go:604	Running material Material_is_churned_90_days_876b40ce_2376

2023-12-08T00:21:58.668+0530	INFO	base/material.go:622	Material Material_is_churned_90_days_876b40ce_2376 ran in 3.074327795s

2023-12-08T00:22:01.223+0530	INFO	base/interfaces.go:274	Compiled model. Material_user_var_table_a4f5aa3d_2376 to output/dev/seq_no/2376. 


2023-12-08T00:22:02.336+0530	INFO	base/material.go:532	Preparing material Material_user_var_table_a4f5aa3d_2376

2023-12-08T00:22:04.581+0530	INFO	base/material.go:604	Running material Material_user_var_table_a4f5aa3d_2376

2023-12-08T00:22:05.727+0530	INFO	base/material.go:622	Material Material_user_var_table_a4f5aa3d_2376 ran in 1.145297465s

2023-12-08T00:22:11.128+0530	INFO	base/interfaces.go:274	Compiled model. Material_rudder_user_base_features_a9623d6c_2376 to output/dev/seq_no/2376. 


2023-12-08T00:22:12.100+0530	INFO	base/material.go:532	Preparing material Material_rudder_user_base_features_a9623d6c_2376

2023-12-08T00:22:14.432+0530	INFO	base/material.go:604	Running material Material_rudder_user_base_features_a9623d6c_2376

2023-12-08T00:22:15.557+0530	INFO	base/material.go:622	Material Material_rudder_user_base_features_a9623d6c_2376 ran in 1.124879682s

2023-12-08T00:22:21.675+0530	INFO	base/interfaces.go:274	Compiled model. Material_max_timestamp_bw_tracks_pages_1_5106d588_2376 to output/dev/seq_no/2376. 


2023-12-08T00:22:22.703+0530	INFO	base/material.go:532	Preparing material Material_max_timestamp_bw_tracks_pages_1_5106d588_2376

2023-12-08T00:22:24.137+0530	INFO	base/material.go:604	Running material Material_max_timestamp_bw_tracks_pages_1_5106d588_2376

2023-12-08T00:22:27.664+0530	INFO	base/material.go:622	Material Material_max_timestamp_bw_tracks_pages_1_5106d588_2376 ran in 3.526899041s

2023-12-08T00:22:30.155+0530	INFO	base/interfaces.go:274	Compiled model. Material_shopify_churn_54bfddf0_2376 to output/dev/seq_no/2376. 


2023-12-08T00:22:31.146+0530	INFO	base/material.go:532	Preparing material Material_shopify_churn_54bfddf0_2376

2023-12-08T00:22:33.484+0530	INFO	base/material.go:604	Running material Material_shopify_churn_54bfddf0_2376

2023-12-08T00:25:00.238+0530	WARN	core/project.go:1538	recommended to use dot var syntax to refer to max_timestamp_bw_tracks_pages in days_since_last_seen

2023-12-08T00:25:00.242+0530	WARN	core/project.go:1538	recommended to use dot var syntax to refer to days_since_last_seen in is_churned_7_days

2023-12-08T00:25:00.245+0530	WARN	core/project.go:1538	recommended to use dot var syntax to refer to days_since_last_seen in is_churned_90_days

2023-12-08T00:25:00.335+0530	INFO	run/run.go:32	Checking required schema access

2023-12-08T00:25:28.339+0530	INFO	base/interfaces.go:274	Compiled model. Material_rudder_user_id_stitcher_9f838bb3_2378 to output/dev/seq_no/2378. 


2023-12-08T00:25:29.231+0530	INFO	base/material.go:532	Preparing material Material_rudder_user_id_stitcher_9f838bb3_2378

2023-12-08T00:25:31.432+0530	INFO	base/material.go:604	Running material Material_rudder_user_id_stitcher_9f838bb3_2378

2023-12-08T00:25:51.111+0530	INFO	base/material.go:622	Material Material_rudder_user_id_stitcher_9f838bb3_2378 ran in 19.67867905s

2023-12-08T00:25:58.116+0530	INFO	base/interfaces.go:274	Compiled model. Material_rsTracks_var_table_1955c7e1_2378 to output/dev/seq_no/2378. 


2023-12-08T00:25:59.060+0530	INFO	base/material.go:532	Preparing material Material_rsTracks_var_table_1955c7e1_2378

2023-12-08T00:26:01.442+0530	INFO	base/material.go:604	Running material Material_rsTracks_var_table_1955c7e1_2378

2023-12-08T00:26:03.186+0530	INFO	base/material.go:622	Material Material_rsTracks_var_table_1955c7e1_2378 ran in 1.744352138s

2023-12-08T00:26:09.088+0530	INFO	base/interfaces.go:274	Compiled model. Material_user_var_table_79cc6be9_2378 to output/dev/seq_no/2378. 


2023-12-08T00:26:10.101+0530	INFO	base/material.go:532	Preparing material Material_user_var_table_79cc6be9_2378

2023-12-08T00:26:12.716+0530	INFO	base/material.go:604	Running material Material_user_var_table_79cc6be9_2378

2023-12-08T00:26:13.893+0530	INFO	base/material.go:622	Material Material_user_var_table_79cc6be9_2378 ran in 1.176397952s

2023-12-08T00:26:19.708+0530	INFO	base/interfaces.go:274	Compiled model. Material_max_timestamp_bw_tracks_pages_16ab88ad_2378 to output/dev/seq_no/2378. 


2023-12-08T00:26:20.773+0530	INFO	base/material.go:532	Preparing material Material_max_timestamp_bw_tracks_pages_16ab88ad_2378

2023-12-08T00:26:22.046+0530	INFO	base/material.go:604	Running material Material_max_timestamp_bw_tracks_pages_16ab88ad_2378

2023-12-08T00:26:25.594+0530	INFO	base/material.go:622	Material Material_max_timestamp_bw_tracks_pages_16ab88ad_2378 ran in 3.547826471s

2023-12-08T00:26:28.059+0530	INFO	base/interfaces.go:274	Compiled model. Material_days_since_last_seen_0ef5ca13_2378 to output/dev/seq_no/2378. 


2023-12-08T00:26:29.183+0530	INFO	base/material.go:532	Preparing material Material_days_since_last_seen_0ef5ca13_2378

2023-12-08T00:26:30.471+0530	INFO	base/material.go:604	Running material Material_days_since_last_seen_0ef5ca13_2378

2023-12-08T00:26:33.675+0530	INFO	base/material.go:622	Material Material_days_since_last_seen_0ef5ca13_2378 ran in 3.204688219s

2023-12-08T00:26:36.135+0530	INFO	base/interfaces.go:274	Compiled model. Material_days_since_account_creation_16ab88ad_2378 to output/dev/seq_no/2378. 


2023-12-08T00:26:37.256+0530	INFO	base/material.go:532	Preparing material Material_days_since_account_creation_16ab88ad_2378

2023-12-08T00:26:38.835+0530	INFO	base/material.go:604	Running material Material_days_since_account_creation_16ab88ad_2378

2023-12-08T00:26:42.142+0530	INFO	base/material.go:622	Material Material_days_since_account_creation_16ab88ad_2378 ran in 3.306933412s

2023-12-08T00:26:44.822+0530	INFO	base/interfaces.go:274	Compiled model. Material_is_churned_90_days_876b40ce_2378 to output/dev/seq_no/2378. 


2023-12-08T00:26:45.818+0530	INFO	base/material.go:532	Preparing material Material_is_churned_90_days_876b40ce_2378

2023-12-08T00:26:47.220+0530	INFO	base/material.go:604	Running material Material_is_churned_90_days_876b40ce_2378

2023-12-08T00:26:50.541+0530	INFO	base/material.go:622	Material Material_is_churned_90_days_876b40ce_2378 ran in 3.32019961s

2023-12-08T00:26:52.908+0530	INFO	base/interfaces.go:274	Compiled model. Material_user_var_table_a4f5aa3d_2378 to output/dev/seq_no/2378. 


2023-12-08T00:26:53.939+0530	INFO	base/material.go:532	Preparing material Material_user_var_table_a4f5aa3d_2378

2023-12-08T00:26:56.296+0530	INFO	base/material.go:604	Running material Material_user_var_table_a4f5aa3d_2378

2023-12-08T00:26:57.438+0530	INFO	base/material.go:622	Material Material_user_var_table_a4f5aa3d_2378 ran in 1.142129628s

2023-12-08T00:27:02.922+0530	INFO	base/interfaces.go:274	Compiled model. Material_rudder_user_base_features_a9623d6c_2378 to output/dev/seq_no/2378. 


2023-12-08T00:27:04.033+0530	INFO	base/material.go:532	Preparing material Material_rudder_user_base_features_a9623d6c_2378

2023-12-08T00:27:06.483+0530	INFO	base/material.go:604	Running material Material_rudder_user_base_features_a9623d6c_2378

2023-12-08T00:27:07.545+0530	INFO	base/material.go:622	Material Material_rudder_user_base_features_a9623d6c_2378 ran in 1.061974937s

2023-12-08T00:27:13.855+0530	INFO	base/interfaces.go:274	Compiled model. Material_max_timestamp_bw_tracks_pages_1_5106d588_2378 to output/dev/seq_no/2378. 


2023-12-08T00:27:14.907+0530	INFO	base/material.go:532	Preparing material Material_max_timestamp_bw_tracks_pages_1_5106d588_2378

2023-12-08T00:27:16.376+0530	INFO	base/material.go:604	Running material Material_max_timestamp_bw_tracks_pages_1_5106d588_2378

2023-12-08T00:27:19.670+0530	INFO	base/material.go:622	Material Material_max_timestamp_bw_tracks_pages_1_5106d588_2378 ran in 3.293526017s

2023-12-08T00:27:22.160+0530	INFO	base/interfaces.go:274	Compiled model. Material_shopify_churn_54bfddf0_2378 to output/dev/seq_no/2378. 


2023-12-08T00:27:23.269+0530	INFO	base/material.go:532	Preparing material Material_shopify_churn_54bfddf0_2378

2023-12-08T00:27:25.504+0530	INFO	base/material.go:604	Running material Material_shopify_churn_54bfddf0_2378

2023-12-08T00:31:45.701+0530	WARN	core/project.go:1538	recommended to use dot var syntax to refer to max_timestamp_bw_tracks_pages in days_since_last_seen

2023-12-08T00:31:45.711+0530	WARN	core/project.go:1538	recommended to use dot var syntax to refer to days_since_last_seen in is_churned_7_days

2023-12-08T00:31:45.715+0530	WARN	core/project.go:1538	recommended to use dot var syntax to refer to days_since_last_seen in is_churned_90_days

2023-12-08T00:31:45.812+0530	INFO	run/run.go:32	Checking required schema access

2023-12-08T00:32:13.240+0530	INFO	base/interfaces.go:274	Compiled model. Material_rudder_user_id_stitcher_9f838bb3_2380 to output/dev/seq_no/2380. 


2023-12-08T00:32:14.263+0530	INFO	base/material.go:532	Preparing material Material_rudder_user_id_stitcher_9f838bb3_2380

2023-12-08T00:32:16.778+0530	INFO	base/material.go:604	Running material Material_rudder_user_id_stitcher_9f838bb3_2380

2023-12-08T00:32:35.720+0530	INFO	base/material.go:622	Material Material_rudder_user_id_stitcher_9f838bb3_2380 ran in 18.942103763s

2023-12-08T00:32:42.888+0530	INFO	base/interfaces.go:274	Compiled model. Material_rsTracks_var_table_1955c7e1_2380 to output/dev/seq_no/2380. 


2023-12-08T00:32:43.903+0530	INFO	base/material.go:532	Preparing material Material_rsTracks_var_table_1955c7e1_2380

2023-12-08T00:32:46.223+0530	INFO	base/material.go:604	Running material Material_rsTracks_var_table_1955c7e1_2380

2023-12-08T00:32:48.145+0530	INFO	base/material.go:622	Material Material_rsTracks_var_table_1955c7e1_2380 ran in 1.921763803s

2023-12-08T00:32:53.699+0530	INFO	base/interfaces.go:274	Compiled model. Material_user_var_table_79cc6be9_2380 to output/dev/seq_no/2380. 


2023-12-08T00:32:54.679+0530	INFO	base/material.go:532	Preparing material Material_user_var_table_79cc6be9_2380

2023-12-08T00:32:56.929+0530	INFO	base/material.go:604	Running material Material_user_var_table_79cc6be9_2380

2023-12-08T00:32:58.066+0530	INFO	base/material.go:622	Material Material_user_var_table_79cc6be9_2380 ran in 1.137083202s

2023-12-08T00:33:03.350+0530	INFO	base/interfaces.go:274	Compiled model. Material_max_timestamp_bw_tracks_pages_16ab88ad_2380 to output/dev/seq_no/2380. 


2023-12-08T00:33:04.347+0530	INFO	base/material.go:532	Preparing material Material_max_timestamp_bw_tracks_pages_16ab88ad_2380

2023-12-08T00:33:05.697+0530	INFO	base/material.go:604	Running material Material_max_timestamp_bw_tracks_pages_16ab88ad_2380

2023-12-08T00:33:09.235+0530	INFO	base/material.go:622	Material Material_max_timestamp_bw_tracks_pages_16ab88ad_2380 ran in 3.537287427s

2023-12-08T00:33:11.985+0530	INFO	base/interfaces.go:274	Compiled model. Material_days_since_last_seen_0ef5ca13_2380 to output/dev/seq_no/2380. 


2023-12-08T00:33:12.975+0530	INFO	base/material.go:532	Preparing material Material_days_since_last_seen_0ef5ca13_2380

2023-12-08T00:33:14.315+0530	INFO	base/material.go:604	Running material Material_days_since_last_seen_0ef5ca13_2380

2023-12-08T00:33:17.998+0530	INFO	base/material.go:622	Material Material_days_since_last_seen_0ef5ca13_2380 ran in 3.682985905s

2023-12-08T00:33:20.955+0530	INFO	base/interfaces.go:274	Compiled model. Material_is_churned_7_days_876b40ce_2380 to output/dev/seq_no/2380. 


2023-12-08T00:33:22.001+0530	INFO	base/material.go:532	Preparing material Material_is_churned_7_days_876b40ce_2380

2023-12-08T00:33:23.410+0530	INFO	base/material.go:604	Running material Material_is_churned_7_days_876b40ce_2380

2023-12-08T00:33:26.696+0530	INFO	base/material.go:622	Material Material_is_churned_7_days_876b40ce_2380 ran in 3.286099399s

2023-12-08T00:33:29.223+0530	INFO	base/interfaces.go:274	Compiled model. Material_days_since_account_creation_16ab88ad_2380 to output/dev/seq_no/2380. 


2023-12-08T00:33:30.229+0530	INFO	base/material.go:532	Preparing material Material_days_since_account_creation_16ab88ad_2380

2023-12-08T00:33:31.688+0530	INFO	base/material.go:604	Running material Material_days_since_account_creation_16ab88ad_2380

2023-12-08T00:33:35.292+0530	INFO	base/material.go:622	Material Material_days_since_account_creation_16ab88ad_2380 ran in 3.603666817s

2023-12-08T00:33:37.903+0530	INFO	base/interfaces.go:274	Compiled model. Material_is_churned_90_days_876b40ce_2380 to output/dev/seq_no/2380. 


2023-12-08T00:33:38.901+0530	INFO	base/material.go:532	Preparing material Material_is_churned_90_days_876b40ce_2380

2023-12-08T00:33:40.090+0530	INFO	base/material.go:604	Running material Material_is_churned_90_days_876b40ce_2380

2023-12-08T00:33:43.737+0530	INFO	base/material.go:622	Material Material_is_churned_90_days_876b40ce_2380 ran in 3.646591603s

2023-12-08T00:33:46.688+0530	INFO	base/interfaces.go:274	Compiled model. Material_user_var_table_a4f5aa3d_2380 to output/dev/seq_no/2380. 


2023-12-08T00:33:47.707+0530	INFO	base/material.go:532	Preparing material Material_user_var_table_a4f5aa3d_2380

2023-12-08T00:33:49.995+0530	INFO	base/material.go:604	Running material Material_user_var_table_a4f5aa3d_2380

2023-12-08T00:33:51.242+0530	INFO	base/material.go:622	Material Material_user_var_table_a4f5aa3d_2380 ran in 1.246264698s

2023-12-08T00:33:56.886+0530	INFO	base/interfaces.go:274	Compiled model. Material_rudder_user_base_features_3576fcbd_2380 to output/dev/seq_no/2380. 


2023-12-08T00:33:57.889+0530	INFO	base/material.go:532	Preparing material Material_rudder_user_base_features_3576fcbd_2380

2023-12-08T00:34:00.328+0530	INFO	base/material.go:604	Running material Material_rudder_user_base_features_3576fcbd_2380

2023-12-08T00:34:01.729+0530	INFO	base/material.go:622	Material Material_rudder_user_base_features_3576fcbd_2380 ran in 1.40101355s

2023-12-08T00:34:07.727+0530	INFO	base/interfaces.go:274	Compiled model. Material_max_timestamp_bw_tracks_pages_1_5106d588_2380 to output/dev/seq_no/2380. 


2023-12-08T00:34:08.771+0530	INFO	base/material.go:532	Preparing material Material_max_timestamp_bw_tracks_pages_1_5106d588_2380

2023-12-08T00:34:10.306+0530	INFO	base/material.go:604	Running material Material_max_timestamp_bw_tracks_pages_1_5106d588_2380

2023-12-08T00:34:13.895+0530	INFO	base/material.go:622	Material Material_max_timestamp_bw_tracks_pages_1_5106d588_2380 ran in 3.588930226s

2023-12-08T00:34:16.563+0530	INFO	base/interfaces.go:274	Compiled model. Material_shopify_churn_05fc2870_2380 to output/dev/seq_no/2380. 


2023-12-08T00:34:17.489+0530	INFO	base/material.go:532	Preparing material Material_shopify_churn_05fc2870_2380

2023-12-08T00:34:19.874+0530	INFO	base/material.go:604	Running material Material_shopify_churn_05fc2870_2380

2023-12-08T00:40:14.734+0530	WARN	core/project.go:1538	recommended to use dot var syntax to refer to max_timestamp_bw_tracks_pages in days_since_last_seen

2023-12-08T00:40:14.737+0530	WARN	core/project.go:1538	recommended to use dot var syntax to refer to days_since_last_seen in is_churned_7_days

2023-12-08T00:40:14.740+0530	WARN	core/project.go:1538	recommended to use dot var syntax to refer to days_since_last_seen in is_churned_90_days

2023-12-08T00:40:14.832+0530	INFO	run/run.go:32	Checking required schema access

2023-12-08T00:40:41.089+0530	INFO	base/interfaces.go:274	Compiled model. Material_rudder_user_id_stitcher_9f838bb3_2382 to output/dev/seq_no/2382. 


2023-12-08T00:40:41.942+0530	INFO	base/material.go:532	Preparing material Material_rudder_user_id_stitcher_9f838bb3_2382

2023-12-08T00:40:44.105+0530	INFO	base/material.go:604	Running material Material_rudder_user_id_stitcher_9f838bb3_2382

2023-12-08T00:41:01.814+0530	INFO	base/material.go:622	Material Material_rudder_user_id_stitcher_9f838bb3_2382 ran in 17.707908821s

2023-12-08T00:41:08.359+0530	INFO	base/interfaces.go:274	Compiled model. Material_rsTracks_var_table_1955c7e1_2382 to output/dev/seq_no/2382. 


2023-12-08T00:41:09.360+0530	INFO	base/material.go:532	Preparing material Material_rsTracks_var_table_1955c7e1_2382

2023-12-08T00:41:11.526+0530	INFO	base/material.go:604	Running material Material_rsTracks_var_table_1955c7e1_2382

2023-12-08T00:41:13.490+0530	INFO	base/material.go:622	Material Material_rsTracks_var_table_1955c7e1_2382 ran in 1.964049725s

2023-12-08T00:41:19.176+0530	INFO	base/interfaces.go:274	Compiled model. Material_user_var_table_79cc6be9_2382 to output/dev/seq_no/2382. 


2023-12-08T00:41:20.239+0530	INFO	base/material.go:532	Preparing material Material_user_var_table_79cc6be9_2382

2023-12-08T00:41:22.398+0530	INFO	base/material.go:604	Running material Material_user_var_table_79cc6be9_2382

2023-12-08T00:41:23.609+0530	INFO	base/material.go:622	Material Material_user_var_table_79cc6be9_2382 ran in 1.210534122s

2023-12-08T00:41:29.119+0530	INFO	base/interfaces.go:274	Compiled model. Material_max_timestamp_bw_tracks_pages_16ab88ad_2382 to output/dev/seq_no/2382. 


2023-12-08T00:41:30.188+0530	INFO	base/material.go:532	Preparing material Material_max_timestamp_bw_tracks_pages_16ab88ad_2382

2023-12-08T00:41:31.691+0530	INFO	base/material.go:604	Running material Material_max_timestamp_bw_tracks_pages_16ab88ad_2382

2023-12-08T00:41:36.043+0530	INFO	base/material.go:622	Material Material_max_timestamp_bw_tracks_pages_16ab88ad_2382 ran in 4.35169575s

2023-12-08T00:41:38.689+0530	INFO	base/interfaces.go:274	Compiled model. Material_days_since_last_seen_0ef5ca13_2382 to output/dev/seq_no/2382. 


2023-12-08T00:41:39.734+0530	INFO	base/material.go:532	Preparing material Material_days_since_last_seen_0ef5ca13_2382

2023-12-08T00:41:41.023+0530	INFO	base/material.go:604	Running material Material_days_since_last_seen_0ef5ca13_2382

2023-12-08T00:41:44.949+0530	INFO	base/material.go:622	Material Material_days_since_last_seen_0ef5ca13_2382 ran in 3.925935928s

2023-12-08T00:41:49.713+0530	INFO	base/interfaces.go:274	Compiled model. Material_is_churned_7_days_876b40ce_2382 to output/dev/seq_no/2382. 


2023-12-08T00:41:51.531+0530	INFO	base/material.go:532	Preparing material Material_is_churned_7_days_876b40ce_2382

2023-12-08T00:41:52.859+0530	INFO	base/material.go:604	Running material Material_is_churned_7_days_876b40ce_2382

2023-12-08T00:41:56.202+0530	INFO	base/material.go:622	Material Material_is_churned_7_days_876b40ce_2382 ran in 3.343063858s

2023-12-08T00:41:58.668+0530	INFO	base/interfaces.go:274	Compiled model. Material_days_since_account_creation_16ab88ad_2382 to output/dev/seq_no/2382. 


2023-12-08T00:41:59.789+0530	INFO	base/material.go:532	Preparing material Material_days_since_account_creation_16ab88ad_2382

2023-12-08T00:42:01.392+0530	INFO	base/material.go:604	Running material Material_days_since_account_creation_16ab88ad_2382

2023-12-08T00:42:05.368+0530	INFO	base/material.go:622	Material Material_days_since_account_creation_16ab88ad_2382 ran in 3.975921186s

2023-12-08T00:42:07.824+0530	INFO	base/interfaces.go:274	Compiled model. Material_is_churned_90_days_876b40ce_2382 to output/dev/seq_no/2382. 


2023-12-08T00:42:08.770+0530	INFO	base/material.go:532	Preparing material Material_is_churned_90_days_876b40ce_2382

2023-12-08T00:42:09.889+0530	INFO	base/material.go:604	Running material Material_is_churned_90_days_876b40ce_2382

2023-12-08T00:42:12.795+0530	INFO	base/material.go:622	Material Material_is_churned_90_days_876b40ce_2382 ran in 2.905494146s

2023-12-08T00:42:15.364+0530	INFO	base/interfaces.go:274	Compiled model. Material_user_var_table_a4f5aa3d_2382 to output/dev/seq_no/2382. 


2023-12-08T00:42:16.393+0530	INFO	base/material.go:532	Preparing material Material_user_var_table_a4f5aa3d_2382

2023-12-08T00:42:18.539+0530	INFO	base/material.go:604	Running material Material_user_var_table_a4f5aa3d_2382

2023-12-08T00:42:19.860+0530	INFO	base/material.go:622	Material Material_user_var_table_a4f5aa3d_2382 ran in 1.320764361s

2023-12-08T00:42:25.416+0530	INFO	base/interfaces.go:274	Compiled model. Material_rudder_user_base_features_3576fcbd_2382 to output/dev/seq_no/2382. 


2023-12-08T00:42:26.449+0530	INFO	base/material.go:532	Preparing material Material_rudder_user_base_features_3576fcbd_2382

2023-12-08T00:42:28.532+0530	INFO	base/material.go:604	Running material Material_rudder_user_base_features_3576fcbd_2382

2023-12-08T00:42:29.803+0530	INFO	base/material.go:622	Material Material_rudder_user_base_features_3576fcbd_2382 ran in 1.270447086s

2023-12-08T00:42:36.630+0530	INFO	base/interfaces.go:274	Compiled model. Material_max_timestamp_bw_tracks_pages_1_5106d588_2382 to output/dev/seq_no/2382. 


2023-12-08T00:42:37.583+0530	INFO	base/material.go:532	Preparing material Material_max_timestamp_bw_tracks_pages_1_5106d588_2382

2023-12-08T00:42:38.916+0530	INFO	base/material.go:604	Running material Material_max_timestamp_bw_tracks_pages_1_5106d588_2382

2023-12-08T00:42:42.413+0530	INFO	base/material.go:622	Material Material_max_timestamp_bw_tracks_pages_1_5106d588_2382 ran in 3.496927301s

2023-12-08T00:42:44.752+0530	INFO	base/interfaces.go:274	Compiled model. Material_shopify_churn_05fc2870_2382 to output/dev/seq_no/2382. 


2023-12-08T00:42:45.751+0530	INFO	base/material.go:532	Preparing material Material_shopify_churn_05fc2870_2382

2023-12-08T00:42:47.924+0530	INFO	base/material.go:604	Running material Material_shopify_churn_05fc2870_2382

